22:55:21.431 [main] INFO  api.testcases.userTests - ***** Creating User ***
22:55:24.395 [main] INFO  api.testcases.userTests - ***** User is created Successfully ***
22:55:24.412 [main] INFO  api.testcases.userTests - ***** Reading User ***
22:55:25.867 [main] INFO  api.testcases.userTests - ***** Updating User ***
22:55:28.231 [main] INFO  api.testcases.userTests - ***** User is updated ***
22:55:29.653 [main] INFO  api.testcases.userTests - ***** Deleting User ***
22:55:31.186 [main] INFO  api.testcases.userTests - ***** User is deleted successfully ***
23:14:03.037 [main] INFO  api.testcases.userTests - ***** Creating User ***
23:14:06.287 [main] INFO  api.testcases.userTests - ***** User is created Successfully ***
23:14:06.318 [main] INFO  api.testcases.userTests - ***** Reading User ***
23:14:07.813 [main] INFO  api.testcases.userTests - ***** Updating User ***
23:14:09.346 [main] INFO  api.testcases.userTests - ***** User is updated ***
23:14:10.884 [main] INFO  api.testcases.userTests - ***** Deleting User ***
23:14:12.317 [main] INFO  api.testcases.userTests - ***** User is deleted successfully ***
23:14:38.797 [main] INFO  api.testcases.userTests - ***** Creating User ***
23:14:41.579 [main] INFO  api.testcases.userTests - ***** User is created Successfully ***
23:14:41.584 [main] INFO  api.testcases.userTests - ***** Reading User ***
23:14:43.144 [main] INFO  api.testcases.userTests - ***** Updating User ***
23:14:44.673 [main] INFO  api.testcases.userTests - ***** User is updated ***
23:14:46.210 [main] INFO  api.testcases.userTests - ***** Deleting User ***
23:14:47.743 [main] INFO  api.testcases.userTests - ***** User is deleted successfully ***
23:15:56.615 [main] INFO  api.testcases.userTests - ***** Creating User ***
23:15:59.715 [main] INFO  api.testcases.userTests - ***** User is created Successfully ***
23:15:59.719 [main] INFO  api.testcases.userTests - ***** Reading User ***
23:16:01.275 [main] INFO  api.testcases.userTests - ***** Updating User ***
23:16:02.809 [main] INFO  api.testcases.userTests - ***** User is updated ***
23:16:04.348 [main] INFO  api.testcases.userTests - ***** Deleting User ***
23:16:05.881 [main] INFO  api.testcases.userTests - ***** User is deleted successfully ***
23:40:19.591 [main] INFO  api.testcases.userTests - ***** Creating User ***
23:40:22.516 [main] INFO  api.testcases.userTests - ***** User is created Successfully ***
23:40:22.521 [main] INFO  api.testcases.userTests - ***** Reading User ***
23:40:24.108 [main] INFO  api.testcases.userTests - ***** Updating User ***
23:40:25.638 [main] INFO  api.testcases.userTests - ***** User is updated ***
23:40:27.181 [main] INFO  api.testcases.userTests - ***** Deleting User ***
23:40:28.713 [main] INFO  api.testcases.userTests - ***** User is deleted successfully ***
23:41:57.077 [main] INFO  api.testcases.userTests - ***** Creating User ***
23:42:00.044 [main] INFO  api.testcases.userTests - ***** User is created Successfully ***
23:42:00.050 [main] INFO  api.testcases.userTests - ***** Reading User ***
23:42:01.695 [main] INFO  api.testcases.userTests - ***** Updating User ***
23:42:03.230 [main] INFO  api.testcases.userTests - ***** User is updated ***
23:42:04.767 [main] INFO  api.testcases.userTests - ***** Deleting User ***
23:42:06.300 [main] INFO  api.testcases.userTests - ***** User is deleted successfully ***
13:26:30.076 [main] INFO  api.testcases.userTests - ***** Creating User ***
13:26:33.166 [main] INFO  api.testcases.userTests - ***** User is created Successfully ***
13:26:33.169 [main] INFO  api.testcases.userTests - ***** Reading User ***
13:26:34.607 [main] INFO  api.testcases.userTests - ***** Updating User ***
13:26:35.947 [main] INFO  api.testcases.userTests - ***** User is updated ***
13:26:37.331 [main] INFO  api.testcases.userTests - ***** Deleting User ***
13:26:38.721 [main] INFO  api.testcases.userTests - ***** User is deleted successfully ***
13:50:31.756 [main] INFO  api.testcases.orderTests - ***** Creating Order ***
13:50:34.871 [main] INFO  api.testcases.orderTests - ***** Order is created Successfully ***
13:50:34.875 [main] INFO  api.testcases.orderTests - ***** Reading Order ***
13:50:36.264 [main] INFO  api.testcases.orderTests - ***** Deleting User ***
13:50:37.617 [main] INFO  api.testcases.orderTests - ***** Order is deleted successfully ***
19:21:11.945 [main] INFO  api.testcases.orderTests - ***** Creating Order ***
19:21:15.350 [main] INFO  api.testcases.orderTests - ***** Order is created Successfully ***
19:21:15.354 [main] INFO  api.testcases.orderTests - ***** Reading Order ***
19:21:16.898 [main] INFO  api.testcases.orderTests - ***** Deleting User ***
19:21:18.357 [main] INFO  api.testcases.orderTests - ***** Order is deleted successfully ***
18:40:48.799 [main] INFO  api.testcases.orderTests - ***** Creating Order ***
18:40:52.602 [main] INFO  api.testcases.orderTests - ***** Order is created Successfully ***
18:40:52.608 [main] INFO  api.testcases.orderTests - ***** Reading Order ***
18:40:54.255 [main] INFO  api.testcases.orderTests - ***** Deleting User ***
18:40:55.765 [main] INFO  api.testcases.orderTests - ***** Order is deleted successfully ***
18:42:34.499 [main] INFO  api.testcases.orderTests - ***** Creating Order ***
18:42:37.422 [main] INFO  api.testcases.orderTests - ***** Order is created Successfully ***
18:42:37.427 [main] INFO  api.testcases.orderTests - ***** Reading Order ***
18:42:39.360 [main] INFO  api.testcases.orderTests - ***** Deleting User ***
18:42:40.953 [main] INFO  api.testcases.orderTests - ***** Order is deleted successfully ***
18:43:32.329 [main] INFO  api.testcases.orderTests - ***** Creating Order ***
18:43:35.200 [main] INFO  api.testcases.orderTests - ***** Order is created Successfully ***
18:43:35.204 [main] INFO  api.testcases.orderTests - ***** Reading Order ***
18:43:37.197 [main] INFO  api.testcases.orderTests - ***** Deleting User ***
18:43:38.784 [main] INFO  api.testcases.orderTests - ***** Order is deleted successfully ***
18:44:30.109 [main] INFO  api.testcases.orderTests - ***** Creating Order ***
18:44:33.254 [main] INFO  api.testcases.orderTests - ***** Order is created Successfully ***
18:44:33.259 [main] INFO  api.testcases.orderTests - ***** Reading Order ***
18:44:35.163 [main] INFO  api.testcases.orderTests - ***** Deleting User ***
18:44:36.669 [main] INFO  api.testcases.orderTests - ***** Order is deleted successfully ***
23:32:35.663 [main] INFO  api.testcases.userTests - ***** Creating User ***
23:32:39.202 [main] INFO  api.testcases.userTests - ***** User is created Successfully ***
23:32:39.206 [main] INFO  api.testcases.userTests - ***** Reading User ***
23:32:40.659 [main] INFO  api.testcases.userTests - ***** Updating User ***
23:32:42.059 [main] INFO  api.testcases.userTests - ***** User is updated ***
23:32:43.516 [main] INFO  api.testcases.userTests - ***** Deleting User ***
23:32:44.903 [main] INFO  api.testcases.userTests - ***** User is deleted successfully ***
23:32:56.438 [main] INFO  api.testcases.userTests - ***** Creating User ***
23:32:59.412 [main] INFO  api.testcases.userTests - ***** User is created Successfully ***
23:32:59.416 [main] INFO  api.testcases.userTests - ***** Reading User ***
23:33:00.843 [main] INFO  api.testcases.userTests - ***** Updating User ***
23:33:02.228 [main] INFO  api.testcases.userTests - ***** User is updated ***
23:33:03.624 [main] INFO  api.testcases.userTests - ***** Deleting User ***
23:33:04.975 [main] INFO  api.testcases.userTests - ***** User is deleted successfully ***
16:34:51.792 [main] INFO  api.testcases.userTests - ***** Creating User ***
16:34:54.705 [main] INFO  api.testcases.userTests - ***** User is created Successfully ***
16:36:50.155 [main] INFO  api.testcases.wireMockTests - ***** Successfully ***
